<?xml version="1.0" encoding="UTF-8"?>
<!-- Generated by org.testng.reporters.JUnitReportReporter -->
<testsuite hostname="abdelrahman_Lap" failures="0" tests="1" name="Testpackage.TestClass" time="0.724" errors="0" timestamp="2024-09-17T14:11:58 EEST" skipped="0">
  <testcase classname="Testpackage.TestClass" name="notloginSuccessfullytest" time="0.724"/>
  <system-out/>
</testsuite> <!-- Testpackage.TestClass -->
